STATUS | wrapper  | 2023/06/15 15:50:00 | --> Wrapper Started as Console
STATUS | wrapper  | 2023/06/15 15:50:00 | Launching a JVM...
INFO   | jvm 1    | 2023/06/15 15:50:02 | Wrapper (Version 3.2.3) http://wrapper.tanukisoftware.org
INFO   | jvm 1    | 2023/06/15 15:50:02 |   Copyright 1999-2006 Tanuki Software, Inc.  All Rights Reserved.
INFO   | jvm 1    | 2023/06/15 15:50:02 | 
INFO   | jvm 1    | 2023/06/15 15:50:02 | Java Runtime: Oracle Corporation 17.0.5 C:\Program Files\Java\jdk-17.0.5
INFO   | jvm 1    | 2023/06/15 15:50:02 |   Heap sizes: current=1048576k  free=1038336k  max=1048576k
INFO   | jvm 1    | 2023/06/15 15:50:02 |     JVM args: -Dactivemq.home=../.. -Dactivemq.base=../.. -Djavax.net.ssl.keyStorePassword=password -Djavax.net.ssl.trustStorePassword=password -Djavax.net.ssl.keyStore=../../conf/broker.ks -Djavax.net.ssl.trustStore=../../conf/broker.ts -Dcom.sun.management.jmxremote -Dorg.apache.activemq.UseDedicatedTaskRunner=false -Djava.util.logging.config.file=logging.properties -Dactivemq.conf=../../conf -Dactivemq.data=../../data -Djava.security.auth.login.config=../../conf/login.config -Djolokia.conf=file:../../conf/jolokia-access.xml -Xms1024m -Xmx1024m -Djava.library.path=../../bin/win64 -Dwrapper.key=S2JovPJvUd3JOKB5 -Dwrapper.port=32000 -Dwrapper.jvm.port.min=31000 -Dwrapper.jvm.port.max=31999 -Dwrapper.pid=4652 -Dwrapper.version=3.2.3 -Dwrapper.native_library=wrapper -Dwrapper.cpu.timeout=10 -Dwrapper.jvmid=1
INFO   | jvm 1    | 2023/06/15 15:50:02 | Extensions classpath:
INFO   | jvm 1    | 2023/06/15 15:50:02 |   [..\..\lib,..\..\lib\camel,..\..\lib\optional,..\..\lib\web,..\..\lib\extra]
INFO   | jvm 1    | 2023/06/15 15:50:02 | ACTIVEMQ_HOME: ..\..
INFO   | jvm 1    | 2023/06/15 15:50:02 | ACTIVEMQ_BASE: ..\..
INFO   | jvm 1    | 2023/06/15 15:50:02 | ACTIVEMQ_CONF: ..\..\conf
INFO   | jvm 1    | 2023/06/15 15:50:02 | ACTIVEMQ_DATA: ..\..\data
INFO   | jvm 1    | 2023/06/15 15:50:03 | Loading message broker from: xbean:activemq.xml
INFO   | jvm 1    | 2023/06/15 15:50:04 |  INFO | Using Persistence Adapter: KahaDBPersistenceAdapter[T:\th1\apache-activemq-5.18.1\bin\win64\..\..\data\kahadb]
INFO   | jvm 1    | 2023/06/15 15:50:04 |  INFO | Starting Persistence Adapter: KahaDBPersistenceAdapter[T:\th1\apache-activemq-5.18.1\bin\win64\..\..\data\kahadb]
INFO   | jvm 1    | 2023/06/15 15:50:04 |  INFO | Starting KahaDBStore
INFO   | jvm 1    | 2023/06/15 15:50:04 |  INFO | Opening MessageDatabase
INFO   | jvm 1    | 2023/06/15 15:50:07 |  INFO | Starting Temp Data Store
INFO   | jvm 1    | 2023/06/15 15:50:07 |  INFO | PListStore:[T:\th1\apache-activemq-5.18.1\bin\win64\..\..\data\localhost\tmp_storage] started
INFO   | jvm 1    | 2023/06/15 15:50:07 |  INFO | Starting Job Scheduler Store
INFO   | jvm 1    | 2023/06/15 15:50:07 |  INFO | Persistence Adapter successfully started
INFO   | jvm 1    | 2023/06/15 15:50:07 |  INFO | Apache ActiveMQ 5.18.1 (localhost, ID:H31M12-50283-1686819007002-0:1) is starting
INFO   | jvm 1    | 2023/06/15 15:50:07 |  INFO | Listening for connections at: tcp://H31M12:61616?maximumConnections=1000&wireFormat.maxFrameSize=104857600
INFO   | jvm 1    | 2023/06/15 15:50:07 |  INFO | Connector openwire started
INFO   | jvm 1    | 2023/06/15 15:50:07 |  INFO | Listening for connections at: amqp://H31M12:5672?maximumConnections=1000&wireFormat.maxFrameSize=104857600
INFO   | jvm 1    | 2023/06/15 15:50:07 |  INFO | Connector amqp started
INFO   | jvm 1    | 2023/06/15 15:50:07 |  INFO | Listening for connections at: stomp://H31M12:61613?maximumConnections=1000&wireFormat.maxFrameSize=104857600
INFO   | jvm 1    | 2023/06/15 15:50:07 |  INFO | Connector stomp started
INFO   | jvm 1    | 2023/06/15 15:50:07 |  INFO | Listening for connections at: mqtt://H31M12:1883?maximumConnections=1000&wireFormat.maxFrameSize=104857600
INFO   | jvm 1    | 2023/06/15 15:50:07 |  INFO | Connector mqtt started
INFO   | jvm 1    | 2023/06/15 15:50:07 |  INFO | Starting Jetty server
INFO   | jvm 1    | 2023/06/15 15:50:07 |  INFO | Creating Jetty connector
INFO   | jvm 1    | 2023/06/15 15:50:07 |  WARN | ServletContext@o.e.j.s.ServletContextHandler@fd67e91{/,null,STARTING} has uncovered http methods for path: /
INFO   | jvm 1    | 2023/06/15 15:50:07 |  INFO | Listening for connections at ws://H31M12:61614?maximumConnections=1000&wireFormat.maxFrameSize=104857600
INFO   | jvm 1    | 2023/06/15 15:50:07 |  INFO | Connector ws started
INFO   | jvm 1    | 2023/06/15 15:50:07 |  INFO | Apache ActiveMQ 5.18.1 (localhost, ID:H31M12-50283-1686819007002-0:1) started
INFO   | jvm 1    | 2023/06/15 15:50:07 |  INFO | For help or more information please see: http://activemq.apache.org
INFO   | jvm 1    | 2023/06/15 15:50:07 |  WARN | Store limit is 102400 mb (current store usage is 0 mb). The data directory: T:\th1\apache-activemq-5.18.1\bin\win64\..\..\data\kahadb only has 50795 mb of usable space. - resetting to maximum available disk space: 50795 mb
INFO   | jvm 1    | 2023/06/15 15:50:07 |  WARN | Temporary Store limit is 51200 mb (current store usage is 0 mb). The data directory: T:\th1\apache-activemq-5.18.1\bin\win64\..\..\data only has 50795 mb of usable space. - resetting to maximum available disk space: 50795 mb
INFO   | jvm 1    | 2023/06/15 15:50:07 |  INFO | ActiveMQ WebConsole available at http://127.0.0.1:8161/
INFO   | jvm 1    | 2023/06/15 15:50:07 |  INFO | ActiveMQ Jolokia REST API available at http://127.0.0.1:8161/api/jolokia/
STATUS | wrapper  | 2023/06/15 15:57:31 | --> Wrapper Started as Console
STATUS | wrapper  | 2023/06/15 15:57:31 | Launching a JVM...
INFO   | jvm 1    | 2023/06/15 15:57:32 | Wrapper (Version 3.2.3) http://wrapper.tanukisoftware.org
INFO   | jvm 1    | 2023/06/15 15:57:32 |   Copyright 1999-2006 Tanuki Software, Inc.  All Rights Reserved.
INFO   | jvm 1    | 2023/06/15 15:57:32 | 
INFO   | jvm 1    | 2023/06/15 15:57:32 | Java Runtime: Oracle Corporation 17.0.5 C:\Program Files\Java\jdk-17.0.5
INFO   | jvm 1    | 2023/06/15 15:57:32 |   Heap sizes: current=1048576k  free=1038336k  max=1048576k
INFO   | jvm 1    | 2023/06/15 15:57:32 |     JVM args: -Dactivemq.home=../.. -Dactivemq.base=../.. -Djavax.net.ssl.keyStorePassword=password -Djavax.net.ssl.trustStorePassword=password -Djavax.net.ssl.keyStore=../../conf/broker.ks -Djavax.net.ssl.trustStore=../../conf/broker.ts -Dcom.sun.management.jmxremote -Dorg.apache.activemq.UseDedicatedTaskRunner=false -Djava.util.logging.config.file=logging.properties -Dactivemq.conf=../../conf -Dactivemq.data=../../data -Djava.security.auth.login.config=../../conf/login.config -Djolokia.conf=file:../../conf/jolokia-access.xml -Xms1024m -Xmx1024m -Djava.library.path=../../bin/win64 -Dwrapper.key=YEWaCTn3TqluljU_ -Dwrapper.port=32000 -Dwrapper.jvm.port.min=31000 -Dwrapper.jvm.port.max=31999 -Dwrapper.pid=4772 -Dwrapper.version=3.2.3 -Dwrapper.native_library=wrapper -Dwrapper.cpu.timeout=10 -Dwrapper.jvmid=1
INFO   | jvm 1    | 2023/06/15 15:57:32 | Extensions classpath:
INFO   | jvm 1    | 2023/06/15 15:57:32 |   [..\..\lib,..\..\lib\camel,..\..\lib\optional,..\..\lib\web,..\..\lib\extra]
INFO   | jvm 1    | 2023/06/15 15:57:32 | ACTIVEMQ_HOME: ..\..
INFO   | jvm 1    | 2023/06/15 15:57:32 | ACTIVEMQ_BASE: ..\..
INFO   | jvm 1    | 2023/06/15 15:57:32 | ACTIVEMQ_CONF: ..\..\conf
INFO   | jvm 1    | 2023/06/15 15:57:32 | ACTIVEMQ_DATA: ..\..\data
INFO   | jvm 1    | 2023/06/15 15:57:32 | Loading message broker from: xbean:activemq.xml
INFO   | jvm 1    | 2023/06/15 15:57:33 |  INFO | Using Persistence Adapter: KahaDBPersistenceAdapter[T:\th1\apache-activemq-5.18.1\bin\win64\..\..\data\kahadb]
INFO   | jvm 1    | 2023/06/15 15:57:33 |  INFO | Starting Persistence Adapter: KahaDBPersistenceAdapter[T:\th1\apache-activemq-5.18.1\bin\win64\..\..\data\kahadb]
INFO   | jvm 1    | 2023/06/15 15:57:33 |  INFO | Starting KahaDBStore
INFO   | jvm 1    | 2023/06/15 15:57:33 |  INFO | Opening MessageDatabase
INFO   | jvm 1    | 2023/06/15 15:57:33 |  INFO | Page File: ..\..\data\kahadb\db.data. Recovering pageFile free list due to prior unclean shutdown..
INFO   | jvm 1    | 2023/06/15 15:57:33 |  INFO | KahaDB is version 7
INFO   | jvm 1    | 2023/06/15 15:57:33 |  INFO | Page File: ..\..\data\kahadb\db.data. Recovered pageFile free list of size: 0
INFO   | jvm 1    | 2023/06/15 15:57:33 |  INFO | Starting Temp Data Store
INFO   | jvm 1    | 2023/06/15 15:57:33 |  INFO | PListStore:[T:\th1\apache-activemq-5.18.1\bin\win64\..\..\data\localhost\tmp_storage] started
INFO   | jvm 1    | 2023/06/15 15:57:33 |  INFO | Starting Job Scheduler Store
INFO   | jvm 1    | 2023/06/15 15:57:33 |  INFO | Persistence Adapter successfully started
INFO   | jvm 1    | 2023/06/15 15:57:33 |  INFO | Apache ActiveMQ 5.18.1 (localhost, ID:H31M12-50319-1686819453282-0:1) is starting
INFO   | jvm 1    | 2023/06/15 15:57:33 |  INFO | Listening for connections at: tcp://H31M12:61616?maximumConnections=1000&wireFormat.maxFrameSize=104857600
INFO   | jvm 1    | 2023/06/15 15:57:33 |  INFO | Connector openwire started
INFO   | jvm 1    | 2023/06/15 15:57:33 |  INFO | Listening for connections at: amqp://H31M12:5672?maximumConnections=1000&wireFormat.maxFrameSize=104857600
INFO   | jvm 1    | 2023/06/15 15:57:33 |  INFO | Connector amqp started
INFO   | jvm 1    | 2023/06/15 15:57:33 |  INFO | Listening for connections at: stomp://H31M12:61613?maximumConnections=1000&wireFormat.maxFrameSize=104857600
INFO   | jvm 1    | 2023/06/15 15:57:33 |  INFO | Connector stomp started
INFO   | jvm 1    | 2023/06/15 15:57:33 |  INFO | Listening for connections at: mqtt://H31M12:1883?maximumConnections=1000&wireFormat.maxFrameSize=104857600
INFO   | jvm 1    | 2023/06/15 15:57:33 |  INFO | Connector mqtt started
INFO   | jvm 1    | 2023/06/15 15:57:33 |  INFO | Starting Jetty server
INFO   | jvm 1    | 2023/06/15 15:57:33 |  INFO | Creating Jetty connector
INFO   | jvm 1    | 2023/06/15 15:57:33 |  WARN | ServletContext@o.e.j.s.ServletContextHandler@6fe495e1{/,null,STARTING} has uncovered http methods for path: /
INFO   | jvm 1    | 2023/06/15 15:57:33 |  INFO | Listening for connections at ws://H31M12:61614?maximumConnections=1000&wireFormat.maxFrameSize=104857600
INFO   | jvm 1    | 2023/06/15 15:57:33 |  INFO | Connector ws started
INFO   | jvm 1    | 2023/06/15 15:57:33 |  INFO | Apache ActiveMQ 5.18.1 (localhost, ID:H31M12-50319-1686819453282-0:1) started
INFO   | jvm 1    | 2023/06/15 15:57:33 |  INFO | For help or more information please see: http://activemq.apache.org
INFO   | jvm 1    | 2023/06/15 15:57:33 |  WARN | Store limit is 102400 mb (current store usage is 0 mb). The data directory: T:\th1\apache-activemq-5.18.1\bin\win64\..\..\data\kahadb only has 50794 mb of usable space. - resetting to maximum available disk space: 50794 mb
INFO   | jvm 1    | 2023/06/15 15:57:33 |  WARN | Temporary Store limit is 51200 mb (current store usage is 0 mb). The data directory: T:\th1\apache-activemq-5.18.1\bin\win64\..\..\data only has 50794 mb of usable space. - resetting to maximum available disk space: 50794 mb
INFO   | jvm 1    | 2023/06/15 15:57:33 |  INFO | ActiveMQ WebConsole available at http://127.0.0.1:8161/
INFO   | jvm 1    | 2023/06/15 15:57:33 |  INFO | ActiveMQ Jolokia REST API available at http://127.0.0.1:8161/api/jolokia/
STATUS | wrapper  | 2023/06/15 16:07:54 | --> Wrapper Started as Console
STATUS | wrapper  | 2023/06/15 16:07:54 | Launching a JVM...
INFO   | jvm 1    | 2023/06/15 16:07:54 | Wrapper (Version 3.2.3) http://wrapper.tanukisoftware.org
INFO   | jvm 1    | 2023/06/15 16:07:54 |   Copyright 1999-2006 Tanuki Software, Inc.  All Rights Reserved.
INFO   | jvm 1    | 2023/06/15 16:07:54 | 
INFO   | jvm 1    | 2023/06/15 16:07:54 | Java Runtime: Oracle Corporation 17.0.5 C:\Program Files\Java\jdk-17.0.5
INFO   | jvm 1    | 2023/06/15 16:07:54 |   Heap sizes: current=1048576k  free=1038336k  max=1048576k
INFO   | jvm 1    | 2023/06/15 16:07:54 |     JVM args: -Dactivemq.home=../.. -Dactivemq.base=../.. -Djavax.net.ssl.keyStorePassword=password -Djavax.net.ssl.trustStorePassword=password -Djavax.net.ssl.keyStore=../../conf/broker.ks -Djavax.net.ssl.trustStore=../../conf/broker.ts -Dcom.sun.management.jmxremote -Dorg.apache.activemq.UseDedicatedTaskRunner=false -Djava.util.logging.config.file=logging.properties -Dactivemq.conf=../../conf -Dactivemq.data=../../data -Djava.security.auth.login.config=../../conf/login.config -Djolokia.conf=file:../../conf/jolokia-access.xml -Xms1024m -Xmx1024m -Djava.library.path=../../bin/win64 -Dwrapper.key=RXKqEdRqwGtKlTXS -Dwrapper.port=32000 -Dwrapper.jvm.port.min=31000 -Dwrapper.jvm.port.max=31999 -Dwrapper.pid=9836 -Dwrapper.version=3.2.3 -Dwrapper.native_library=wrapper -Dwrapper.cpu.timeout=10 -Dwrapper.jvmid=1
INFO   | jvm 1    | 2023/06/15 16:07:54 | Extensions classpath:
INFO   | jvm 1    | 2023/06/15 16:07:54 |   [..\..\lib,..\..\lib\camel,..\..\lib\optional,..\..\lib\web,..\..\lib\extra]
INFO   | jvm 1    | 2023/06/15 16:07:54 | ACTIVEMQ_HOME: ..\..
INFO   | jvm 1    | 2023/06/15 16:07:54 | ACTIVEMQ_BASE: ..\..
INFO   | jvm 1    | 2023/06/15 16:07:54 | ACTIVEMQ_CONF: ..\..\conf
INFO   | jvm 1    | 2023/06/15 16:07:54 | ACTIVEMQ_DATA: ..\..\data
INFO   | jvm 1    | 2023/06/15 16:07:55 | Loading message broker from: xbean:activemq.xml
INFO   | jvm 1    | 2023/06/15 16:07:55 |  INFO | Using Persistence Adapter: KahaDBPersistenceAdapter[T:\th1\apache-activemq-5.18.1\bin\win64\..\..\data\kahadb]
INFO   | jvm 1    | 2023/06/15 16:07:55 |  INFO | Starting Persistence Adapter: KahaDBPersistenceAdapter[T:\th1\apache-activemq-5.18.1\bin\win64\..\..\data\kahadb]
INFO   | jvm 1    | 2023/06/15 16:07:55 |  INFO | Starting KahaDBStore
INFO   | jvm 1    | 2023/06/15 16:07:55 |  INFO | Opening MessageDatabase
INFO   | jvm 1    | 2023/06/15 16:07:55 |  INFO | Page File: ..\..\data\kahadb\db.data. Recovering pageFile free list due to prior unclean shutdown..
INFO   | jvm 1    | 2023/06/15 16:07:55 |  INFO | KahaDB is version 7
INFO   | jvm 1    | 2023/06/15 16:07:55 |  INFO | Page File: ..\..\data\kahadb\db.data. Recovered pageFile free list of size: 0
INFO   | jvm 1    | 2023/06/15 16:07:55 |  INFO | Starting Temp Data Store
INFO   | jvm 1    | 2023/06/15 16:07:55 |  INFO | PListStore:[T:\th1\apache-activemq-5.18.1\bin\win64\..\..\data\localhost\tmp_storage] started
INFO   | jvm 1    | 2023/06/15 16:07:55 |  INFO | Starting Job Scheduler Store
INFO   | jvm 1    | 2023/06/15 16:07:55 |  INFO | Persistence Adapter successfully started
ERROR  | wrapper  | 2023/06/15 16:07:55 | JVM exited while starting the application.
STATUS | wrapper  | 2023/06/21 19:47:26 | --> Wrapper Started as Console
STATUS | wrapper  | 2023/06/21 19:47:27 | Launching a JVM...
INFO   | jvm 1    | 2023/06/21 19:47:29 | Wrapper (Version 3.2.3) http://wrapper.tanukisoftware.org
INFO   | jvm 1    | 2023/06/21 19:47:29 |   Copyright 1999-2006 Tanuki Software, Inc.  All Rights Reserved.
INFO   | jvm 1    | 2023/06/21 19:47:29 | 
INFO   | jvm 1    | 2023/06/21 19:47:29 | Java Runtime: Oracle Corporation 20.0.1 D:\dowload\jdk-20.0.1
INFO   | jvm 1    | 2023/06/21 19:47:29 |   Heap sizes: current=1048576k  free=1035264k  max=1048576k
INFO   | jvm 1    | 2023/06/21 19:47:29 |     JVM args: -Dactivemq.home=../.. -Dactivemq.base=../.. -Djavax.net.ssl.keyStorePassword=password -Djavax.net.ssl.trustStorePassword=password -Djavax.net.ssl.keyStore=../../conf/broker.ks -Djavax.net.ssl.trustStore=../../conf/broker.ts -Dcom.sun.management.jmxremote -Dorg.apache.activemq.UseDedicatedTaskRunner=false -Djava.util.logging.config.file=logging.properties -Dactivemq.conf=../../conf -Dactivemq.data=../../data -Djava.security.auth.login.config=../../conf/login.config -Djolokia.conf=file:../../conf/jolokia-access.xml -Xms1024m -Xmx1024m -Djava.library.path=../../bin/win64 -Dwrapper.key=WQfaDXbsEMzznXeU -Dwrapper.port=32000 -Dwrapper.jvm.port.min=31000 -Dwrapper.jvm.port.max=31999 -Dwrapper.pid=7156 -Dwrapper.version=3.2.3 -Dwrapper.native_library=wrapper -Dwrapper.cpu.timeout=10 -Dwrapper.jvmid=1
INFO   | jvm 1    | 2023/06/21 19:47:29 | Extensions classpath:
INFO   | jvm 1    | 2023/06/21 19:47:29 |   [..\..\lib,..\..\lib\camel,..\..\lib\optional,..\..\lib\web,..\..\lib\extra]
INFO   | jvm 1    | 2023/06/21 19:47:29 | ACTIVEMQ_HOME: ..\..
INFO   | jvm 1    | 2023/06/21 19:47:29 | ACTIVEMQ_BASE: ..\..
INFO   | jvm 1    | 2023/06/21 19:47:29 | ACTIVEMQ_CONF: ..\..\conf
INFO   | jvm 1    | 2023/06/21 19:47:29 | ACTIVEMQ_DATA: ..\..\data
INFO   | jvm 1    | 2023/06/21 19:47:43 | Loading message broker from: xbean:activemq.xml
INFO   | jvm 1    | 2023/06/21 19:47:45 |  INFO | Using Persistence Adapter: KahaDBPersistenceAdapter[D:\KTTKPM\GitHub\tuan1_02\ActiveMQDemo\lib\apache-activemq-5.18.1\bin\win64\..\..\data\kahadb]
INFO   | jvm 1    | 2023/06/21 19:47:45 |  INFO | Starting Persistence Adapter: KahaDBPersistenceAdapter[D:\KTTKPM\GitHub\tuan1_02\ActiveMQDemo\lib\apache-activemq-5.18.1\bin\win64\..\..\data\kahadb]
INFO   | jvm 1    | 2023/06/21 19:47:45 |  INFO | Starting KahaDBStore
INFO   | jvm 1    | 2023/06/21 19:47:45 |  INFO | Opening MessageDatabase
INFO   | jvm 1    | 2023/06/21 19:47:45 |  INFO | Page File: ..\..\data\kahadb\db.data. Recovering pageFile free list due to prior unclean shutdown..
INFO   | jvm 1    | 2023/06/21 19:47:45 |  INFO | KahaDB is version 7
INFO   | jvm 1    | 2023/06/21 19:47:45 |  INFO | Page File: ..\..\data\kahadb\db.data. Recovered pageFile free list of size: 0
INFO   | jvm 1    | 2023/06/21 19:47:46 |  INFO | Recovering from the journal @1:1216
INFO   | jvm 1    | 2023/06/21 19:47:46 |  INFO | Recovery replayed 1 operations from the journal in 0.051 seconds.
INFO   | jvm 1    | 2023/06/21 19:47:46 |  INFO | Starting Temp Data Store
INFO   | jvm 1    | 2023/06/21 19:47:46 |  INFO | PListStore:[D:\KTTKPM\GitHub\tuan1_02\ActiveMQDemo\lib\apache-activemq-5.18.1\bin\win64\..\..\data\localhost\tmp_storage] started
INFO   | jvm 1    | 2023/06/21 19:47:46 |  INFO | Starting Job Scheduler Store
INFO   | jvm 1    | 2023/06/21 19:47:46 |  INFO | Persistence Adapter successfully started
INFO   | jvm 1    | 2023/06/21 19:47:46 |  INFO | Apache ActiveMQ 5.18.1 (localhost, ID:DESKTOP-JN17ORU-52498-1687351666301-0:1) is starting
INFO   | jvm 1    | 2023/06/21 19:47:46 |  INFO | Listening for connections at: tcp://DESKTOP-JN17ORU:61616?maximumConnections=1000&wireFormat.maxFrameSize=104857600
INFO   | jvm 1    | 2023/06/21 19:47:46 |  INFO | Connector openwire started
INFO   | jvm 1    | 2023/06/21 19:47:46 |  INFO | Listening for connections at: amqp://DESKTOP-JN17ORU:5672?maximumConnections=1000&wireFormat.maxFrameSize=104857600
INFO   | jvm 1    | 2023/06/21 19:47:46 |  INFO | Connector amqp started
INFO   | jvm 1    | 2023/06/21 19:47:46 |  INFO | Listening for connections at: stomp://DESKTOP-JN17ORU:61613?maximumConnections=1000&wireFormat.maxFrameSize=104857600
INFO   | jvm 1    | 2023/06/21 19:47:46 |  INFO | Connector stomp started
INFO   | jvm 1    | 2023/06/21 19:47:46 |  INFO | Listening for connections at: mqtt://DESKTOP-JN17ORU:1883?maximumConnections=1000&wireFormat.maxFrameSize=104857600
INFO   | jvm 1    | 2023/06/21 19:47:46 |  INFO | Connector mqtt started
INFO   | jvm 1    | 2023/06/21 19:47:46 |  INFO | Starting Jetty server
INFO   | jvm 1    | 2023/06/21 19:47:46 |  INFO | Creating Jetty connector
INFO   | jvm 1    | 2023/06/21 19:47:46 |  WARN | ServletContext@o.e.j.s.ServletContextHandler@49f1c351{/,null,STARTING} has uncovered http methods for path: /
INFO   | jvm 1    | 2023/06/21 19:47:47 |  INFO | Listening for connections at ws://DESKTOP-JN17ORU:61614?maximumConnections=1000&wireFormat.maxFrameSize=104857600
INFO   | jvm 1    | 2023/06/21 19:47:47 |  INFO | Connector ws started
INFO   | jvm 1    | 2023/06/21 19:47:47 |  INFO | Apache ActiveMQ 5.18.1 (localhost, ID:DESKTOP-JN17ORU-52498-1687351666301-0:1) started
INFO   | jvm 1    | 2023/06/21 19:47:47 |  INFO | For help or more information please see: http://activemq.apache.org
INFO   | jvm 1    | 2023/06/21 19:47:48 |  INFO | ActiveMQ WebConsole available at http://127.0.0.1:8161/
INFO   | jvm 1    | 2023/06/21 19:47:48 |  INFO | ActiveMQ Jolokia REST API available at http://127.0.0.1:8161/api/jolokia/
